<?xml version="1.0" encoding="UTF-8"?>
<!-- Generated by org.testng.reporters.JUnitReportReporter -->
<testsuite hostname="DESKTOP-4REHPT5" failures="0" tests="21" name="org.login.GC_Login_Page" time="336.655" errors="0" timestamp="23 Sep 2023 10:58:30 GMT" skipped="0">
  <testcase classname="org.login.GC_Login_Page" name="Test_Case_07" time="14.594"/>
  <testcase classname="org.login.GC_Login_Page" name="Test_Case_16" time="16.927"/>
  <testcase classname="org.login.GC_Login_Page" name="Test_Case_03" time="12.462"/>
  <testcase classname="org.login.GC_Login_Page" name="Test_Case_20" time="9.526"/>
  <testcase classname="org.login.GC_Login_Page" name="Test_Case_18" time="16.965"/>
  <testcase classname="org.login.GC_Login_Page" name="Test_Case_08" time="20.022"/>
  <testcase classname="org.login.GC_Login_Page" name="Test_Case_21" time="41.119"/>
  <testcase classname="org.login.GC_Login_Page" name="Test_Case_02" time="11.628"/>
  <testcase classname="org.login.GC_Login_Page" name="Test_Case_09" time="11.481"/>
  <testcase classname="org.login.GC_Login_Page" name="Test_Case_14" time="14.416"/>
  <testcase classname="org.login.GC_Login_Page" name="Test_Case_01" time="9.666"/>
  <testcase classname="org.login.GC_Login_Page" name="Test_Case_11" time="16.810"/>
  <testcase classname="org.login.GC_Login_Page" name="Test_Case_17" time="19.699"/>
  <testcase classname="org.login.GC_Login_Page" name="Test_Case_04" time="13.362"/>
  <testcase classname="org.login.GC_Login_Page" name="Test_Case_15" time="14.871"/>
  <testcase classname="org.login.GC_Login_Page" name="Test_Case_05" time="12.069"/>
  <testcase classname="org.login.GC_Login_Page" name="Test_Case_19" time="16.803"/>
  <testcase classname="org.login.GC_Login_Page" name="Test_Case_13" time="14.617"/>
  <testcase classname="org.login.GC_Login_Page" name="Test_Case_06" time="14.788"/>
  <testcase classname="org.login.GC_Login_Page" name="Test_Case_12" time="16.536"/>
  <testcase classname="org.login.GC_Login_Page" name="Test_Case_10" time="18.294"/>
</testsuite> <!-- org.login.GC_Login_Page -->
